#
# There is insufficient memory for the Java Runtime Environment to continue.
# Native memory allocation (malloc) failed to allocate 32784 bytes for Chunk::new
# Possible reasons:
#   The system is out of physical RAM or swap space
#   The process is running with CompressedOops enabled, and the Java Heap may be blocking the growth of the native heap
# Possible solutions:
#   Reduce memory load on the system
#   Increase physical memory or swap space
#   Check if swap backing store is full
#   Decrease Java heap size (-Xmx/-Xms)
#   Decrease number of Java threads
#   Decrease Java thread stack sizes (-Xss)
#   Set larger code cache with -XX:ReservedCodeCacheSize=
#   JVM is running with Unscaled Compressed Oops mode in which the Java heap is
#     placed in the first 4GB address space. The Java Heap base address is the
#     maximum limit for the native heap growth. Please use -XX:HeapBaseMinAddress
#     to set the Java Heap base and to place the Java Heap above 4GB virtual address.
# This output file may be truncated or incomplete.
#
#  Out of Memory Error (./src/hotspot/share/memory/arena.cpp:197), pid=11648, tid=18984
#
# JRE version: OpenJDK Runtime Environment (11.0.8+10) (build 11.0.8+10-b944.6842174)
# Java VM: OpenJDK 64-Bit Server VM (11.0.8+10-b944.6842174, mixed mode, tiered, compressed oops, g1 gc, windows-amd64)
# No core dump will be written. Minidumps are not enabled by default on client versions of Windows
#

---------------  S U M M A R Y ------------

Command Line: --add-opens=java.base/java.util=ALL-UNNAMED --add-opens=java.base/java.lang=ALL-UNNAMED --add-opens=java.base/java.lang.invoke=ALL-UNNAMED --add-opens=java.prefs/java.util.prefs=ALL-UNNAMED -Xmx1536m -Dfile.encoding=GBK -Duser.country=PH -Duser.language=en -Duser.variant org.gradle.launcher.daemon.bootstrap.GradleDaemon 5.4.1

Host: Intel(R) Core(TM) i5-4258U CPU @ 2.40GHz, 4 cores, 7G,  Windows 10 , 64 bit Build 19041 (10.0.19041.207)
Time: Tue Jul  6 11:36:00 2021 China Standard Time elapsed time: 16 seconds (0d 0h 0m 16s)

---------------  T H R E A D  ---------------

Current thread (0x000001cd98e6c000):  JavaThread "C2 CompilerThread0" daemon [_thread_in_native, id=18984, stack(0x0000002bf6600000,0x0000002bf6700000)]


Current CompileTask:
C2:  16741 1971       4       java.net.URLClassLoader$1::run (5 bytes)

Stack: [0x0000002bf6600000,0x0000002bf6700000]
Native frames: (J=compiled Java code, j=interpreted, Vv=VM code, C=native code)
V  [jvm.dll+0x5de50a]
V  [jvm.dll+0x7122f5]
V  [jvm.dll+0x71384d]
V  [jvm.dll+0x713f03]
V  [jvm.dll+0x23e728]
V  [jvm.dll+0xb899c]
V  [jvm.dll+0xb8e9c]
V  [jvm.dll+0x4f0df4]
V  [jvm.dll+0x4f326e]
V  [jvm.dll+0x4f1c8d]
V  [jvm.dll+0x4f13cf]
V  [jvm.dll+0x4f13e3]
V  [jvm.dll+0x4f13e3]
V  [jvm.dll+0x4f13e3]
V  [jvm.dll+0x4f13e3]
V  [jvm.dll+0x4f13e3]
V  [jvm.dll+0x4f13e3]
V  [jvm.dll+0x4f13e3]
V  [jvm.dll+0x4f13e3]
V  [jvm.dll+0x4f13e3]
V  [jvm.dll+0x502606]
V  [jvm.dll+0x1f8df6]
V  [jvm.dll+0x1f685f]
V  [jvm.dll+0x17f32c]
V  [jvm.dll+0x205047]
V  [jvm.dll+0x203891]
V  [jvm.dll+0x6dad3f]
V  [jvm.dll+0x6d3895]
V  [jvm.dll+0x5dd4a6]
C  [ucrtbase.dll+0x21542]
C  [KERNEL32.DLL+0x16fd4]
C  [ntdll.dll+0x4cec1]


---------------  P R O C E S S  ---------------

Threads class SMR info:
_java_thread_list=0x000001cd9ca577d0, length=24, elements={
0x000001cdfb3c5800, 0x000001cd98e39000, 0x000001cd98e45800, 0x000001cd99833000,
0x000001cd98e69800, 0x000001cd98e6c000, 0x000001cd98e73000, 0x000001cd98e7d000,
0x000001cd99974000, 0x000001cd99981000, 0x000001cd9a7fd000, 0x000001cd9a67f000,
0x000001cd9986a000, 0x000001cd99ae7000, 0x000001cd99917000, 0x000001cd9a223800,
0x000001cd9a224800, 0x000001cd99abc800, 0x000001cd99abd800, 0x000001cd99abf800,
0x000001cd99a9e000, 0x000001cd99a9f000, 0x000001cd99a9c800, 0x000001cd99a9d000
}

Java Threads: ( => current thread )
  0x000001cdfb3c5800 JavaThread "main" [_thread_blocked, id=16524, stack(0x0000002bf5b00000,0x0000002bf5c00000)]
  0x000001cd98e39000 JavaThread "Reference Handler" daemon [_thread_blocked, id=19760, stack(0x0000002bf6200000,0x0000002bf6300000)]
  0x000001cd98e45800 JavaThread "Finalizer" daemon [_thread_blocked, id=16240, stack(0x0000002bf6300000,0x0000002bf6400000)]
  0x000001cd99833000 JavaThread "Signal Dispatcher" daemon [_thread_blocked, id=5440, stack(0x0000002bf6400000,0x0000002bf6500000)]
  0x000001cd98e69800 JavaThread "Attach Listener" daemon [_thread_blocked, id=4936, stack(0x0000002bf6500000,0x0000002bf6600000)]
=>0x000001cd98e6c000 JavaThread "C2 CompilerThread0" daemon [_thread_in_native, id=18984, stack(0x0000002bf6600000,0x0000002bf6700000)]
  0x000001cd98e73000 JavaThread "C1 CompilerThread0" daemon [_thread_in_native, id=4856, stack(0x0000002bf6700000,0x0000002bf6800000)]
  0x000001cd98e7d000 JavaThread "Sweeper thread" daemon [_thread_blocked, id=10332, stack(0x0000002bf6800000,0x0000002bf6900000)]
  0x000001cd99974000 JavaThread "Common-Cleaner" daemon [_thread_blocked, id=15476, stack(0x0000002bf6900000,0x0000002bf6a00000)]
  0x000001cd99981000 JavaThread "Service Thread" daemon [_thread_blocked, id=19268, stack(0x0000002bf6a00000,0x0000002bf6b00000)]
  0x000001cd9a7fd000 JavaThread "Daemon health stats" [_thread_blocked, id=19536, stack(0x0000002bf6e00000,0x0000002bf6f00000)]
  0x000001cd9a67f000 JavaThread "Incoming local TCP Connector on port 61119" [_thread_in_native, id=2756, stack(0x0000002bf7000000,0x0000002bf7100000)]
  0x000001cd9986a000 JavaThread "Daemon periodic checks" [_thread_blocked, id=18528, stack(0x0000002bf7100000,0x0000002bf7200000)]
  0x000001cd99ae7000 JavaThread "Daemon" [_thread_blocked, id=19104, stack(0x0000002bf7200000,0x0000002bf7300000)]
  0x000001cd99917000 JavaThread "Handler for socket connection from /127.0.0.1:61119 to /127.0.0.1:61120" [_thread_in_native, id=13876, stack(0x0000002bf7300000,0x0000002bf7400000)]
  0x000001cd9a223800 JavaThread "Cancel handler" [_thread_blocked, id=15712, stack(0x0000002bf7400000,0x0000002bf7500000)]
  0x000001cd9a224800 JavaThread "Daemon worker" [_thread_in_vm, id=9948, stack(0x0000002bf7500000,0x0000002bf7600000)]
  0x000001cd99abc800 JavaThread "Asynchronous log dispatcher for DefaultDaemonConnection: socket connection from /127.0.0.1:61119 to /127.0.0.1:61120" [_thread_blocked, id=18812, stack(0x0000002bf7600000,0x0000002bf7700000)]
  0x000001cd99abd800 JavaThread "Stdin handler" [_thread_blocked, id=3264, stack(0x0000002bf7700000,0x0000002bf7800000)]
  0x000001cd99abf800 JavaThread "Thread-8" [_thread_blocked, id=15744, stack(0x0000002bf7800000,0x0000002bf7900000)]
  0x000001cd99a9e000 JavaThread "Cache worker for file hash cache (C:\Users\Administrator\.gradle\caches\5.4.1\fileHashes)" [_thread_blocked, id=18228, stack(0x0000002bf7900000,0x0000002bf7a00000)]
  0x000001cd99a9f000 JavaThread "File lock request listener" [_thread_in_native, id=18128, stack(0x0000002bf7a00000,0x0000002bf7b00000)]
  0x000001cd99a9c800 JavaThread "Cache worker for journal cache (C:\Users\Administrator\.gradle\caches\journal-1)" [_thread_blocked, id=10360, stack(0x0000002bf7b00000,0x0000002bf7c00000)]
  0x000001cd99a9d000 JavaThread "Cache worker for file hash cache (D:\uu\Android\FlushAPP_A01\.gradle\5.4.1\fileHashes)" [_thread_blocked, id=15220, stack(0x0000002bf7c00000,0x0000002bf7d00000)]

Other Threads:
  0x000001cd98e13000 VMThread "VM Thread" [stack: 0x0000002bf6100000,0x0000002bf6200000] [id=20408]
  0x000001cd99981800 WatcherThread [stack: 0x0000002bf6b00000,0x0000002bf6c00000] [id=2832]
  0x000001cdfb3e1800 GCTaskThread "GC Thread#0" [stack: 0x0000002bf5c00000,0x0000002bf5d00000] [id=10660]
  0x000001cd99f9f000 GCTaskThread "GC Thread#1" [stack: 0x0000002bf6c00000,0x0000002bf6d00000] [id=20340]
  0x000001cd99f9b000 GCTaskThread "GC Thread#2" [stack: 0x0000002bf6d00000,0x0000002bf6e00000] [id=14808]
  0x000001cd9ae1c800 GCTaskThread "GC Thread#3" [stack: 0x0000002bf6f00000,0x0000002bf7000000] [id=15228]
  0x000001cdfb408000 ConcurrentGCThread "G1 Main Marker" [stack: 0x0000002bf5d00000,0x0000002bf5e00000] [id=20220]
  0x000001cdfb40b000 ConcurrentGCThread "G1 Conc#0" [stack: 0x0000002bf5e00000,0x0000002bf5f00000] [id=11228]
  0x000001cdfb49b800 ConcurrentGCThread "G1 Refine#0" [stack: 0x0000002bf5f00000,0x0000002bf6000000] [id=11916]
  0x000001cdfb49c800 ConcurrentGCThread "G1 Young RemSet Sampling" [stack: 0x0000002bf6000000,0x0000002bf6100000] [id=10040]

Threads with active compile tasks:
C2 CompilerThread0  16846 1971       4       java.net.URLClassLoader$1::run (5 bytes)

VM state:not at safepoint (normal execution)

VM Mutex/Monitor currently owned by a thread: None

Heap address: 0x00000000a0000000, size: 1536 MB, Compressed Oops mode: 32-bit
Narrow klass base: 0x0000000000000000, Narrow klass shift: 3
Compressed class space size: 1073741824 Address: 0x0000000100000000

Heap:
 garbage-first heap   total 131072K, used 32012K [0x00000000a0000000, 0x0000000100000000)
  region size 1024K, 20 young (20480K), 3 survivors (3072K)
 Metaspace       used 23146K, capacity 23627K, committed 23680K, reserved 1069056K
  class space    used 2998K, capacity 3175K, committed 3200K, reserved 1048576K
Heap Regions: E=young(eden), S=young(survivor), O=old, HS=humongous(starts), HC=humongous(continues), CS=collection set, F=free, A=archive, TAMS=top-at-mark-start (previous, next)
|   0|0x00000000a0000000, 0x00000000a0100000, 0x00000000a0100000|100%| O|  |TAMS 0x00000000a0100000, 0x00000000a0000000| Untracked 
|   1|0x00000000a0100000, 0x00000000a0200000, 0x00000000a0200000|100%| O|  |TAMS 0x00000000a0200000, 0x00000000a0100000| Untracked 
|   2|0x00000000a0200000, 0x00000000a0300000, 0x00000000a0300000|100%|HS|  |TAMS 0x00000000a0300000, 0x00000000a0200000| Complete 
|   3|0x00000000a0300000, 0x00000000a0400000, 0x00000000a0400000|100%|HS|  |TAMS 0x00000000a0400000, 0x00000000a0300000| Complete 
|   4|0x00000000a0400000, 0x00000000a0500000, 0x00000000a0500000|100%|HC|  |TAMS 0x00000000a0500000, 0x00000000a0400000| Complete 
|   5|0x00000000a0500000, 0x00000000a0600000, 0x00000000a0600000|100%| O|  |TAMS 0x00000000a0600000, 0x00000000a0500000| Untracked 
|   6|0x00000000a0600000, 0x00000000a0700000, 0x00000000a0700000|100%| O|  |TAMS 0x00000000a0700000, 0x00000000a0600000| Untracked 
|   7|0x00000000a0700000, 0x00000000a0800000, 0x00000000a0800000|100%| O|  |TAMS 0x00000000a0800000, 0x00000000a0700000| Untracked 
|   8|0x00000000a0800000, 0x00000000a0900000, 0x00000000a0900000|100%| O|  |TAMS 0x00000000a0900000, 0x00000000a0800000| Untracked 
|   9|0x00000000a0900000, 0x00000000a0a00000, 0x00000000a0a00000|100%| O|  |TAMS 0x00000000a0a00000, 0x00000000a0900000| Untracked 
|  10|0x00000000a0a00000, 0x00000000a0b00000, 0x00000000a0b00000|100%| O|  |TAMS 0x00000000a0b00000, 0x00000000a0a00000| Untracked 
|  11|0x00000000a0b00000, 0x00000000a0c00000, 0x00000000a0c00000|100%| O|  |TAMS 0x00000000a0c00000, 0x00000000a0b00000| Untracked 
|  12|0x00000000a0c00000, 0x00000000a0cbfa00, 0x00000000a0d00000| 74%| O|  |TAMS 0x00000000a0cbfa00, 0x00000000a0c00000| Untracked 
|  13|0x00000000a0d00000, 0x00000000a0d00000, 0x00000000a0e00000|  0%| F|  |TAMS 0x00000000a0d00000, 0x00000000a0d00000| Untracked 
|  14|0x00000000a0e00000, 0x00000000a0e00000, 0x00000000a0f00000|  0%| F|  |TAMS 0x00000000a0e00000, 0x00000000a0e00000| Untracked 
|  15|0x00000000a0f00000, 0x00000000a0f00000, 0x00000000a1000000|  0%| F|  |TAMS 0x00000000a0f00000, 0x00000000a0f00000| Untracked 
|  16|0x00000000a1000000, 0x00000000a1000000, 0x00000000a1100000|  0%| F|  |TAMS 0x00000000a1000000, 0x00000000a1000000| Untracked 
|  17|0x00000000a1100000, 0x00000000a1100000, 0x00000000a1200000|  0%| F|  |TAMS 0x00000000a1100000, 0x00000000a1100000| Untracked 
|  18|0x00000000a1200000, 0x00000000a1200000, 0x00000000a1300000|  0%| F|  |TAMS 0x00000000a1200000, 0x00000000a1200000| Untracked 
|  19|0x00000000a1300000, 0x00000000a1300000, 0x00000000a1400000|  0%| F|  |TAMS 0x00000000a1300000, 0x00000000a1300000| Untracked 
|  20|0x00000000a1400000, 0x00000000a1400000, 0x00000000a1500000|  0%| F|  |TAMS 0x00000000a1400000, 0x00000000a1400000| Untracked 
|  21|0x00000000a1500000, 0x00000000a1500000, 0x00000000a1600000|  0%| F|  |TAMS 0x00000000a1500000, 0x00000000a1500000| Untracked 
|  22|0x00000000a1600000, 0x00000000a1600000, 0x00000000a1700000|  0%| F|  |TAMS 0x00000000a1600000, 0x00000000a1600000| Untracked 
|  23|0x00000000a1700000, 0x00000000a1700000, 0x00000000a1800000|  0%| F|  |TAMS 0x00000000a1700000, 0x00000000a1700000| Untracked 
|  24|0x00000000a1800000, 0x00000000a1800000, 0x00000000a1900000|  0%| F|  |TAMS 0x00000000a1800000, 0x00000000a1800000| Untracked 
|  25|0x00000000a1900000, 0x00000000a1900000, 0x00000000a1a00000|  0%| F|  |TAMS 0x00000000a1900000, 0x00000000a1900000| Untracked 
|  26|0x00000000a1a00000, 0x00000000a1a00000, 0x00000000a1b00000|  0%| F|  |TAMS 0x00000000a1a00000, 0x00000000a1a00000| Untracked 
|  27|0x00000000a1b00000, 0x00000000a1b00000, 0x00000000a1c00000|  0%| F|  |TAMS 0x00000000a1b00000, 0x00000000a1b00000| Untracked 
|  28|0x00000000a1c00000, 0x00000000a1c00000, 0x00000000a1d00000|  0%| F|  |TAMS 0x00000000a1c00000, 0x00000000a1c00000| Untracked 
|  29|0x00000000a1d00000, 0x00000000a1d00000, 0x00000000a1e00000|  0%| F|  |TAMS 0x00000000a1d00000, 0x00000000a1d00000| Untracked 
|  30|0x00000000a1e00000, 0x00000000a1e00000, 0x00000000a1f00000|  0%| F|  |TAMS 0x00000000a1e00000, 0x00000000a1e00000| Untracked 
|  31|0x00000000a1f00000, 0x00000000a1f00000, 0x00000000a2000000|  0%| F|  |TAMS 0x00000000a1f00000, 0x00000000a1f00000| Untracked 
|  32|0x00000000a2000000, 0x00000000a2000000, 0x00000000a2100000|  0%| F|  |TAMS 0x00000000a2000000, 0x00000000a2000000| Untracked 
|  33|0x00000000a2100000, 0x00000000a2100000, 0x00000000a2200000|  0%| F|  |TAMS 0x00000000a2100000, 0x00000000a2100000| Untracked 
|  34|0x00000000a2200000, 0x00000000a2200000, 0x00000000a2300000|  0%| F|  |TAMS 0x00000000a2200000, 0x00000000a2200000| Untracked 
|  35|0x00000000a2300000, 0x00000000a2300000, 0x00000000a2400000|  0%| F|  |TAMS 0x00000000a2300000, 0x00000000a2300000| Untracked 
|  36|0x00000000a2400000, 0x00000000a2400000, 0x00000000a2500000|  0%| F|  |TAMS 0x00000000a2400000, 0x00000000a2400000| Untracked 
|  37|0x00000000a2500000, 0x00000000a2500000, 0x00000000a2600000|  0%| F|  |TAMS 0x00000000a2500000, 0x00000000a2500000| Untracked 
|  38|0x00000000a2600000, 0x00000000a2600000, 0x00000000a2700000|  0%| F|  |TAMS 0x00000000a2600000, 0x00000000a2600000| Untracked 
|  39|0x00000000a2700000, 0x00000000a2700000, 0x00000000a2800000|  0%| F|  |TAMS 0x00000000a2700000, 0x00000000a2700000| Untracked 
|  40|0x00000000a2800000, 0x00000000a2800000, 0x00000000a2900000|  0%| F|  |TAMS 0x00000000a2800000, 0x00000000a2800000| Untracked 
|  41|0x00000000a2900000, 0x00000000a2900000, 0x00000000a2a00000|  0%| F|  |TAMS 0x00000000a2900000, 0x00000000a2900000| Untracked 
|  42|0x00000000a2a00000, 0x00000000a2a00000, 0x00000000a2b00000|  0%| F|  |TAMS 0x00000000a2a00000, 0x00000000a2a00000| Untracked 
|  43|0x00000000a2b00000, 0x00000000a2b00000, 0x00000000a2c00000|  0%| F|  |TAMS 0x00000000a2b00000, 0x00000000a2b00000| Untracked 
|  44|0x00000000a2c00000, 0x00000000a2c00000, 0x00000000a2d00000|  0%| F|  |TAMS 0x00000000a2c00000, 0x00000000a2c00000| Untracked 
|  45|0x00000000a2d00000, 0x00000000a2d00000, 0x00000000a2e00000|  0%| F|  |TAMS 0x00000000a2d00000, 0x00000000a2d00000| Untracked 
|  46|0x00000000a2e00000, 0x00000000a2e00000, 0x00000000a2f00000|  0%| F|  |TAMS 0x00000000a2e00000, 0x00000000a2e00000| Untracked 
|  47|0x00000000a2f00000, 0x00000000a2f00000, 0x00000000a3000000|  0%| F|  |TAMS 0x00000000a2f00000, 0x00000000a2f00000| Untracked 
|  48|0x00000000a3000000, 0x00000000a3000000, 0x00000000a3100000|  0%| F|  |TAMS 0x00000000a3000000, 0x00000000a3000000| Untracked 
|  49|0x00000000a3100000, 0x00000000a3100000, 0x00000000a3200000|  0%| F|  |TAMS 0x00000000a3100000, 0x00000000a3100000| Untracked 
|  50|0x00000000a3200000, 0x00000000a3200000, 0x00000000a3300000|  0%| F|  |TAMS 0x00000000a3200000, 0x00000000a3200000| Untracked 
|  51|0x00000000a3300000, 0x00000000a3300000, 0x00000000a3400000|  0%| F|  |TAMS 0x00000000a3300000, 0x00000000a3300000| Untracked 
|  52|0x00000000a3400000, 0x00000000a3400000, 0x00000000a3500000|  0%| F|  |TAMS 0x00000000a3400000, 0x00000000a3400000| Untracked 
|  53|0x00000000a3500000, 0x00000000a3500000, 0x00000000a3600000|  0%| F|  |TAMS 0x00000000a3500000, 0x00000000a3500000| Untracked 
|  54|0x00000000a3600000, 0x00000000a3600000, 0x00000000a3700000|  0%| F|  |TAMS 0x00000000a3600000, 0x00000000a3600000| Untracked 
|  55|0x00000000a3700000, 0x00000000a3700000, 0x00000000a3800000|  0%| F|  |TAMS 0x00000000a3700000, 0x00000000a3700000| Untracked 
|  56|0x00000000a3800000, 0x00000000a3800000, 0x00000000a3900000|  0%| F|  |TAMS 0x00000000a3800000, 0x00000000a3800000| Untracked 
|  57|0x00000000a3900000, 0x00000000a3900000, 0x00000000a3a00000|  0%| F|  |TAMS 0x00000000a3900000, 0x00000000a3900000| Untracked 
|  58|0x00000000a3a00000, 0x00000000a3a00000, 0x00000000a3b00000|  0%| F|  |TAMS 0x00000000a3a00000, 0x00000000a3a00000| Untracked 
|  59|0x00000000a3b00000, 0x00000000a3b00000, 0x00000000a3c00000|  0%| F|  |TAMS 0x00000000a3b00000, 0x00000000a3b00000| Untracked 
|  60|0x00000000a3c00000, 0x00000000a3c00000, 0x00000000a3d00000|  0%| F|  |TAMS 0x00000000a3c00000, 0x00000000a3c00000| Untracked 
|  61|0x00000000a3d00000, 0x00000000a3d00000, 0x00000000a3e00000|  0%| F|  |TAMS 0x00000000a3d00000, 0x00000000a3d00000| Untracked 
|  62|0x00000000a3e00000, 0x00000000a3e00000, 0x00000000a3f00000|  0%| F|  |TAMS 0x00000000a3e00000, 0x00000000a3e00000| Untracked 
|  63|0x00000000a3f00000, 0x00000000a3f00000, 0x00000000a4000000|  0%| F|  |TAMS 0x00000000a3f00000, 0x00000000a3f00000| Untracked 
|  64|0x00000000a4000000, 0x00000000a4000000, 0x00000000a4100000|  0%| F|  |TAMS 0x00000000a4000000, 0x00000000a4000000| Untracked 
|  65|0x00000000a4100000, 0x00000000a4100000, 0x00000000a4200000|  0%| F|  |TAMS 0x00000000a4100000, 0x00000000a4100000| Untracked 
|  66|0x00000000a4200000, 0x00000000a4200000, 0x00000000a4300000|  0%| F|  |TAMS 0x00000000a4200000, 0x00000000a4200000| Untracked 
|  67|0x00000000a4300000, 0x00000000a4300000, 0x00000000a4400000|  0%| F|  |TAMS 0x00000000a4300000, 0x00000000a4300000| Untracked 
|  68|0x00000000a4400000, 0x00000000a4400000, 0x00000000a4500000|  0%| F|  |TAMS 0x00000000a4400000, 0x00000000a4400000| Untracked 
|  69|0x00000000a4500000, 0x00000000a4500000, 0x00000000a4600000|  0%| F|  |TAMS 0x00000000a4500000, 0x00000000a4500000| Untracked 
|  70|0x00000000a4600000, 0x00000000a4600000, 0x00000000a4700000|  0%| F|  |TAMS 0x00000000a4600000, 0x00000000a4600000| Untracked 
|  71|0x00000000a4700000, 0x00000000a4700000, 0x00000000a4800000|  0%| F|  |TAMS 0x00000000a4700000, 0x00000000a4700000| Untracked 
|  72|0x00000000a4800000, 0x00000000a4800000, 0x00000000a4900000|  0%| F|  |TAMS 0x00000000a4800000, 0x00000000a4800000| Untracked 
|  73|0x00000000a4900000, 0x00000000a4900000, 0x00000000a4a00000|  0%| F|  |TAMS 0x00000000a4900000, 0x00000000a4900000| Untracked 
|  74|0x00000000a4a00000, 0x00000000a4a00000, 0x00000000a4b00000|  0%| F|  |TAMS 0x00000000a4a00000, 0x00000000a4a00000| Untracked 
|  75|0x00000000a4b00000, 0x00000000a4b00000, 0x00000000a4c00000|  0%| F|  |TAMS 0x00000000a4b00000, 0x00000000a4b00000| Untracked 
|  76|0x00000000a4c00000, 0x00000000a4c00000, 0x00000000a4d00000|  0%| F|  |TAMS 0x00000000a4c00000, 0x00000000a4c00000| Untracked 
|  77|0x00000000a4d00000, 0x00000000a4d00000, 0x00000000a4e00000|  0%| F|  |TAMS 0x00000000a4d00000, 0x00000000a4d00000| Untracked 
|  78|0x00000000a4e00000, 0x00000000a4e00000, 0x00000000a4f00000|  0%| F|  |TAMS 0x00000000a4e00000, 0x00000000a4e00000| Untracked 
|  79|0x00000000a4f00000, 0x00000000a4f00000, 0x00000000a5000000|  0%| F|  |TAMS 0x00000000a4f00000, 0x00000000a4f00000| Untracked 
|  80|0x00000000a5000000, 0x00000000a5000000, 0x00000000a5100000|  0%| F|  |TAMS 0x00000000a5000000, 0x00000000a5000000| Untracked 
|  81|0x00000000a5100000, 0x00000000a5100000, 0x00000000a5200000|  0%| F|  |TAMS 0x00000000a5100000, 0x00000000a5100000| Untracked 
|  82|0x00000000a5200000, 0x00000000a5200000, 0x00000000a5300000|  0%| F|  |TAMS 0x00000000a5200000, 0x00000000a5200000| Untracked 
|  83|0x00000000a5300000, 0x00000000a5300000, 0x00000000a5400000|  0%| F|  |TAMS 0x00000000a5300000, 0x00000000a5300000| Untracked 
|  84|0x00000000a5400000, 0x00000000a5400000, 0x00000000a5500000|  0%| F|  |TAMS 0x00000000a5400000, 0x00000000a5400000| Untracked 
|  85|0x00000000a5500000, 0x00000000a5500000, 0x00000000a5600000|  0%| F|  |TAMS 0x00000000a5500000, 0x00000000a5500000| Untracked 
|  86|0x00000000a5600000, 0x00000000a5600000, 0x00000000a5700000|  0%| F|  |TAMS 0x00000000a5600000, 0x00000000a5600000| Untracked 
|  87|0x00000000a5700000, 0x00000000a5700000, 0x00000000a5800000|  0%| F|  |TAMS 0x00000000a5700000, 0x00000000a5700000| Untracked 
|  88|0x00000000a5800000, 0x00000000a5800000, 0x00000000a5900000|  0%| F|  |TAMS 0x00000000a5800000, 0x00000000a5800000| Untracked 
|  89|0x00000000a5900000, 0x00000000a5900000, 0x00000000a5a00000|  0%| F|  |TAMS 0x00000000a5900000, 0x00000000a5900000| Untracked 
|  90|0x00000000a5a00000, 0x00000000a5a00000, 0x00000000a5b00000|  0%| F|  |TAMS 0x00000000a5a00000, 0x00000000a5a00000| Untracked 
|  91|0x00000000a5b00000, 0x00000000a5b00000, 0x00000000a5c00000|  0%| F|  |TAMS 0x00000000a5b00000, 0x00000000a5b00000| Untracked 
|  92|0x00000000a5c00000, 0x00000000a5c00000, 0x00000000a5d00000|  0%| F|  |TAMS 0x00000000a5c00000, 0x00000000a5c00000| Untracked 
|  93|0x00000000a5d00000, 0x00000000a5d00000, 0x00000000a5e00000|  0%| F|  |TAMS 0x00000000a5d00000, 0x00000000a5d00000| Untracked 
|  94|0x00000000a5e00000, 0x00000000a5e00000, 0x00000000a5f00000|  0%| F|  |TAMS 0x00000000a5e00000, 0x00000000a5e00000| Untracked 
|  95|0x00000000a5f00000, 0x00000000a5f00000, 0x00000000a6000000|  0%| F|  |TAMS 0x00000000a5f00000, 0x00000000a5f00000| Untracked 
|  96|0x00000000a6000000, 0x00000000a6000000, 0x00000000a6100000|  0%| F|  |TAMS 0x00000000a6000000, 0x00000000a6000000| Untracked 
|  97|0x00000000a6100000, 0x00000000a6100000, 0x00000000a6200000|  0%| F|  |TAMS 0x00000000a6100000, 0x00000000a6100000| Untracked 
|  98|0x00000000a6200000, 0x00000000a6200000, 0x00000000a6300000|  0%| F|  |TAMS 0x00000000a6200000, 0x00000000a6200000| Untracked 
|  99|0x00000000a6300000, 0x00000000a6300000, 0x00000000a6400000|  0%| F|  |TAMS 0x00000000a6300000, 0x00000000a6300000| Untracked 
| 100|0x00000000a6400000, 0x00000000a6400000, 0x00000000a6500000|  0%| F|  |TAMS 0x00000000a6400000, 0x00000000a6400000| Untracked 
| 101|0x00000000a6500000, 0x00000000a6500000, 0x00000000a6600000|  0%| F|  |TAMS 0x00000000a6500000, 0x00000000a6500000| Untracked 
| 102|0x00000000a6600000, 0x00000000a6600000, 0x00000000a6700000|  0%| F|  |TAMS 0x00000000a6600000, 0x00000000a6600000| Untracked 
| 103|0x00000000a6700000, 0x00000000a6700000, 0x00000000a6800000|  0%| F|  |TAMS 0x00000000a6700000, 0x00000000a6700000| Untracked 
| 104|0x00000000a6800000, 0x00000000a6800000, 0x00000000a6900000|  0%| F|  |TAMS 0x00000000a6800000, 0x00000000a6800000| Untracked 
| 105|0x00000000a6900000, 0x00000000a6900000, 0x00000000a6a00000|  0%| F|  |TAMS 0x00000000a6900000, 0x00000000a6900000| Untracked 
| 106|0x00000000a6a00000, 0x00000000a6a827b8, 0x00000000a6b00000| 50%| E|  |TAMS 0x00000000a6a00000, 0x00000000a6a00000| Complete 
| 107|0x00000000a6b00000, 0x00000000a6c00000, 0x00000000a6c00000|100%| E|CS|TAMS 0x00000000a6b00000, 0x00000000a6b00000| Complete 
| 108|0x00000000a6c00000, 0x00000000a6d00000, 0x00000000a6d00000|100%| E|CS|TAMS 0x00000000a6c00000, 0x00000000a6c00000| Complete 
| 109|0x00000000a6d00000, 0x00000000a6e00000, 0x00000000a6e00000|100%| E|CS|TAMS 0x00000000a6d00000, 0x00000000a6d00000| Complete 
| 110|0x00000000a6e00000, 0x00000000a6f00000, 0x00000000a6f00000|100%| E|CS|TAMS 0x00000000a6e00000, 0x00000000a6e00000| Complete 
| 111|0x00000000a6f00000, 0x00000000a7000000, 0x00000000a7000000|100%| E|CS|TAMS 0x00000000a6f00000, 0x00000000a6f00000| Complete 
| 112|0x00000000a7000000, 0x00000000a7100000, 0x00000000a7100000|100%| E|CS|TAMS 0x00000000a7000000, 0x00000000a7000000| Complete 
| 113|0x00000000a7100000, 0x00000000a7200000, 0x00000000a7200000|100%| E|CS|TAMS 0x00000000a7100000, 0x00000000a7100000| Complete 
| 114|0x00000000a7200000, 0x00000000a7300000, 0x00000000a7300000|100%| E|CS|TAMS 0x00000000a7200000, 0x00000000a7200000| Complete 
| 115|0x00000000a7300000, 0x00000000a7400000, 0x00000000a7400000|100%| E|CS|TAMS 0x00000000a7300000, 0x00000000a7300000| Complete 
| 116|0x00000000a7400000, 0x00000000a7500000, 0x00000000a7500000|100%| E|CS|TAMS 0x00000000a7400000, 0x00000000a7400000| Complete 
| 117|0x00000000a7500000, 0x00000000a7600000, 0x00000000a7600000|100%| E|CS|TAMS 0x00000000a7500000, 0x00000000a7500000| Complete 
| 118|0x00000000a7600000, 0x00000000a7700000, 0x00000000a7700000|100%| E|CS|TAMS 0x00000000a7600000, 0x00000000a7600000| Complete 
| 119|0x00000000a7700000, 0x00000000a7800000, 0x00000000a7800000|100%| E|CS|TAMS 0x00000000a7700000, 0x00000000a7700000| Complete 
| 120|0x00000000a7800000, 0x00000000a7900000, 0x00000000a7900000|100%| E|CS|TAMS 0x00000000a7800000, 0x00000000a7800000| Complete 
| 121|0x00000000a7900000, 0x00000000a7a00000, 0x00000000a7a00000|100%| E|CS|TAMS 0x00000000a7900000, 0x00000000a7900000| Complete 
| 122|0x00000000a7a00000, 0x00000000a7b00000, 0x00000000a7b00000|100%| E|CS|TAMS 0x00000000a7a00000, 0x00000000a7a00000| Complete 
| 123|0x00000000a7b00000, 0x00000000a7c00000, 0x00000000a7c00000|100%| E|CS|TAMS 0x00000000a7b00000, 0x00000000a7b00000| Complete 
| 124|0x00000000a7c00000, 0x00000000a7c83810, 0x00000000a7d00000| 51%| S|CS|TAMS 0x00000000a7c00000, 0x00000000a7c00000| Complete 
| 125|0x00000000a7d00000, 0x00000000a7e00000, 0x00000000a7e00000|100%| S|CS|TAMS 0x00000000a7d00000, 0x00000000a7d00000| Complete 
| 126|0x00000000a7e00000, 0x00000000a7f00000, 0x00000000a7f00000|100%| S|CS|TAMS 0x00000000a7e00000, 0x00000000a7e00000| Complete 
| 127|0x00000000a7f00000, 0x00000000a8000000, 0x00000000a8000000|100%| E|CS|TAMS 0x00000000a7f00000, 0x00000000a7f00000| Complete 

Card table byte_map: [0x000001cd93210000,0x000001cd93510000] _byte_map_base: 0x000001cd92d10000

Marking Bits (Prev, Next): (CMBitMap*) 0x000001cdfb4014d0, (CMBitMap*) 0x000001cdfb401498
 Prev Bits: [0x000001cd95010000, 0x000001cd96810000)
 Next Bits: [0x000001cd93810000, 0x000001cd95010000)

Polling page: 0x000001cd80000000

Metaspace:

Usage:
  Non-class:     20.22 MB capacity,    19.95 MB ( 99%) used,   242.18 KB (  1%) free+waste,    37.06 KB ( <1%) overhead. 
      Class:      3.16 MB capacity,     2.98 MB ( 94%) used,   167.83 KB (  5%) free+waste,    18.19 KB ( <1%) overhead. 
       Both:     23.39 MB capacity,    22.93 MB ( 98%) used,   410.01 KB (  2%) free+waste,    55.25 KB ( <1%) overhead. 

Virtual space:
  Non-class space:       22.00 MB reserved,      20.25 MB ( 92%) committed 
      Class space:        1.00 GB reserved,       3.25 MB ( <1%) committed 
             Both:        1.02 GB reserved,      23.50 MB (  2%) committed 

Chunk freelists:
   Non-Class:  28.00 KB
       Class:  25.00 KB
        Both:  53.00 KB

MaxMetaspaceSize: 17179869184.00 GB
CompressedClassSpaceSize: 1.00 GB

CodeHeap 'non-profiled nmethods': size=120064Kb used=749Kb max_used=749Kb free=119314Kb
 bounds [0x000001cd8b380000, 0x000001cd8b5f0000, 0x000001cd928c0000]
CodeHeap 'profiled nmethods': size=120000Kb used=3765Kb max_used=3765Kb free=116235Kb
 bounds [0x000001cd83e50000, 0x000001cd84210000, 0x000001cd8b380000]
CodeHeap 'non-nmethods': size=5696Kb used=1135Kb max_used=1164Kb free=4560Kb
 bounds [0x000001cd838c0000, 0x000001cd83b30000, 0x000001cd83e50000]
 total_blobs=2295 nmethods=1820 adapters=386
 compilation: enabled
              stopped_count=0, restarted_count=0
 full_count=0

Compilation events (20 events):
Event: 16.704 Thread 0x000001cd98e73000 1994       3       org.objectweb.asm.Symbol::<init> (38 bytes)
Event: 16.705 Thread 0x000001cd98e73000 nmethod 1994 0x000001cd841e9b90 code [0x000001cd841e9d40, 0x000001cd841e9fd8]
Event: 16.705 Thread 0x000001cd98e73000 1997       3       org.objectweb.asm.ByteVector::putUTF8 (144 bytes)
Event: 16.706 Thread 0x000001cd98e73000 nmethod 1997 0x000001cd841ea110 code [0x000001cd841ea3a0, 0x000001cd841eae88]
Event: 16.706 Thread 0x000001cd98e73000 1995       3       org.objectweb.asm.SymbolTable::put (150 bytes)
Event: 16.706 Thread 0x000001cd98e73000 nmethod 1995 0x000001cd841eb390 code [0x000001cd841eb5a0, 0x000001cd841ebdf8]
Event: 16.706 Thread 0x000001cd98e73000 1996       3       org.objectweb.asm.Frame::execute (2318 bytes)
Event: 16.717 Thread 0x000001cd98e73000 nmethod 1996 0x000001cd841ec110 code [0x000001cd841ece80, 0x000001cd841f34b8]
Event: 16.717 Thread 0x000001cd98e73000 1998       3       org.objectweb.asm.SymbolTable::addConstantUtf8 (98 bytes)
Event: 16.718 Thread 0x000001cd98e73000 nmethod 1998 0x000001cd841f5110 code [0x000001cd841f5360, 0x000001cd841f59d8]
Event: 16.718 Thread 0x000001cd98e73000 2002       3       org.objectweb.asm.Frame::push (109 bytes)
Event: 16.718 Thread 0x000001cd98e73000 nmethod 2002 0x000001cd841f5d90 code [0x000001cd841f5f80, 0x000001cd841f6478]
Event: 16.718 Thread 0x000001cd98e73000 2001       3       org.objectweb.asm.SymbolTable$Entry::<init> (17 bytes)
Event: 16.718 Thread 0x000001cd98e73000 nmethod 2001 0x000001cd841f6610 code [0x000001cd841f67c0, 0x000001cd841f6928]
Event: 16.718 Thread 0x000001cd98e73000 1999       3       org.objectweb.asm.ByteVector::put12 (64 bytes)
Event: 16.719 Thread 0x000001cd98e73000 nmethod 1999 0x000001cd841f6a10 code [0x000001cd841f6be0, 0x000001cd841f6e08]
Event: 16.719 Thread 0x000001cd98e73000 2004       3       org.objectweb.asm.ByteVector::putShort (52 bytes)
Event: 16.719 Thread 0x000001cd98e73000 nmethod 2004 0x000001cd841f6f90 code [0x000001cd841f7160, 0x000001cd841f7368]
Event: 16.719 Thread 0x000001cd98e73000 2003       1       org.objectweb.asm.SymbolTable::getMajorVersion (5 bytes)
Event: 16.719 Thread 0x000001cd98e73000 nmethod 2003 0x000001cd8b439c90 code [0x000001cd8b439e40, 0x000001cd8b439ef8]

GC Heap History (10 events):
Event: 1.786 GC heap before
{Heap before GC invocations=0 (full 0):
 garbage-first heap   total 131072K, used 19456K [0x00000000a0000000, 0x0000000100000000)
  region size 1024K, 14 young (14336K), 0 survivors (0K)
 Metaspace       used 9522K, capacity 9729K, committed 9856K, reserved 1058816K
  class space    used 966K, capacity 1027K, committed 1152K, reserved 1048576K
}
Event: 1.792 GC heap after
{Heap after GC invocations=1 (full 0):
 garbage-first heap   total 131072K, used 7226K [0x00000000a0000000, 0x0000000100000000)
  region size 1024K, 2 young (2048K), 2 survivors (2048K)
 Metaspace       used 9522K, capacity 9729K, committed 9856K, reserved 1058816K
  class space    used 966K, capacity 1027K, committed 1152K, reserved 1048576K
}
Event: 2.231 GC heap before
{Heap before GC invocations=1 (full 0):
 garbage-first heap   total 131072K, used 19514K [0x00000000a0000000, 0x0000000100000000)
  region size 1024K, 14 young (14336K), 2 survivors (2048K)
 Metaspace       used 10733K, capacity 10935K, committed 11264K, reserved 1058816K
  class space    used 1132K, capacity 1194K, committed 1280K, reserved 1048576K
}
Event: 2.234 GC heap after
{Heap after GC invocations=2 (full 0):
 garbage-first heap   total 131072K, used 7792K [0x00000000a0000000, 0x0000000100000000)
  region size 1024K, 1 young (1024K), 1 survivors (1024K)
 Metaspace       used 10733K, capacity 10935K, committed 11264K, reserved 1058816K
  class space    used 1132K, capacity 1194K, committed 1280K, reserved 1048576K
}
Event: 3.481 GC heap before
{Heap before GC invocations=2 (full 0):
 garbage-first heap   total 131072K, used 36464K [0x00000000a0000000, 0x0000000100000000)
  region size 1024K, 30 young (30720K), 1 survivors (1024K)
 Metaspace       used 13380K, capacity 13658K, committed 13952K, reserved 1060864K
  class space    used 1493K, capacity 1571K, committed 1664K, reserved 1048576K
}
Event: 3.487 GC heap after
{Heap after GC invocations=3 (full 0):
 garbage-first heap   total 131072K, used 12807K [0x00000000a0000000, 0x0000000100000000)
  region size 1024K, 4 young (4096K), 4 survivors (4096K)
 Metaspace       used 13380K, capacity 13658K, committed 13952K, reserved 1060864K
  class space    used 1493K, capacity 1571K, committed 1664K, reserved 1048576K
}
Event: 15.505 GC heap before
{Heap before GC invocations=3 (full 0):
 garbage-first heap   total 131072K, used 54791K [0x00000000a0000000, 0x0000000100000000)
  region size 1024K, 45 young (46080K), 4 survivors (4096K)
 Metaspace       used 20774K, capacity 21149K, committed 21248K, reserved 1067008K
  class space    used 2613K, capacity 2754K, committed 2816K, reserved 1048576K
}
Event: 15.512 GC heap after
{Heap after GC invocations=4 (full 0):
 garbage-first heap   total 131072K, used 15617K [0x00000000a0000000, 0x0000000100000000)
  region size 1024K, 3 young (3072K), 3 survivors (3072K)
 Metaspace       used 20774K, capacity 21149K, committed 21248K, reserved 1067008K
  class space    used 2613K, capacity 2754K, committed 2816K, reserved 1048576K
}
Event: 15.522 GC heap before
{Heap before GC invocations=4 (full 0):
 garbage-first heap   total 131072K, used 15617K [0x00000000a0000000, 0x0000000100000000)
  region size 1024K, 4 young (4096K), 3 survivors (3072K)
 Metaspace       used 20784K, capacity 21149K, committed 21248K, reserved 1067008K
  class space    used 2615K, capacity 2754K, committed 2816K, reserved 1048576K
}
Event: 15.528 GC heap after
{Heap after GC invocations=5 (full 0):
 garbage-first heap   total 131072K, used 15628K [0x00000000a0000000, 0x0000000100000000)
  region size 1024K, 3 young (3072K), 3 survivors (3072K)
 Metaspace       used 20784K, capacity 21149K, committed 21248K, reserved 1067008K
  class space    used 2615K, capacity 2754K, committed 2816K, reserved 1048576K
}

Deoptimization events (20 events):
Event: 14.637 Thread 0x000001cd9a224800 Uncommon trap: trap_request=0xffffff4d fr.pc=0x000001cd8b3c9fdc relative=0x00000000000001fc
Event: 14.637 Thread 0x000001cd9a224800 Uncommon trap: reason=unstable_if action=reinterpret pc=0x000001cd8b3c9fdc method=java.util.regex.Matcher.reset()Ljava/util/regex/Matcher; @ 71 c2
Event: 14.637 Thread 0x000001cd9a224800 DEOPT PACKING pc=0x000001cd8b3c9fdc sp=0x0000002bf75faea0
Event: 14.637 Thread 0x000001cd9a224800 DEOPT UNPACKING pc=0x000001cd838e74af sp=0x0000002bf75fae28 mode 2
Event: 14.637 Thread 0x000001cd9a224800 Uncommon trap: trap_request=0xffffff4d fr.pc=0x000001cd8b3ca850 relative=0x0000000000000430
Event: 14.637 Thread 0x000001cd9a224800 Uncommon trap: reason=unstable_if action=reinterpret pc=0x000001cd8b3ca850 method=java.util.regex.Matcher.match(II)Z @ 76 c2
Event: 14.637 Thread 0x000001cd9a224800 DEOPT PACKING pc=0x000001cd8b3ca850 sp=0x0000002bf75faed0
Event: 14.637 Thread 0x000001cd9a224800 DEOPT UNPACKING pc=0x000001cd838e74af sp=0x0000002bf75faea0 mode 2
Event: 15.887 Thread 0x000001cd9a224800 Uncommon trap: trap_request=0xffffff4d fr.pc=0x000001cd8b3d79d4 relative=0x0000000000000094
Event: 15.887 Thread 0x000001cd9a224800 Uncommon trap: reason=unstable_if action=reinterpret pc=0x000001cd8b3d79d4 method=java.util.LinkedHashMap.afterNodeInsertion(Z)V @ 1 c2
Event: 15.887 Thread 0x000001cd9a224800 DEOPT PACKING pc=0x000001cd8b3d79d4 sp=0x0000002bf75faea0
Event: 15.887 Thread 0x000001cd9a224800 DEOPT UNPACKING pc=0x000001cd838e74af sp=0x0000002bf75fae20 mode 2
Event: 15.903 Thread 0x000001cd9a224800 Uncommon trap: trap_request=0xffffff4d fr.pc=0x000001cd8b3e91ec relative=0x000000000000022c
Event: 15.903 Thread 0x000001cd9a224800 Uncommon trap: reason=unstable_if action=reinterpret pc=0x000001cd8b3e91ec method=java.util.concurrent.ConcurrentHashMap.get(Ljava/lang/Object;)Ljava/lang/Object; @ 76 c2
Event: 15.903 Thread 0x000001cd9a224800 DEOPT PACKING pc=0x000001cd8b3e91ec sp=0x0000002bf75f8fc0
Event: 15.903 Thread 0x000001cd9a224800 DEOPT UNPACKING pc=0x000001cd838e74af sp=0x0000002bf75f8f28 mode 2
Event: 16.189 Thread 0x000001cd9a224800 DEOPT PACKING pc=0x000001cd83f02ccc sp=0x0000002bf75f8930
Event: 16.189 Thread 0x000001cd9a224800 DEOPT UNPACKING pc=0x000001cd838e72ce sp=0x0000002bf75f7ed0 mode 0
Event: 16.555 Thread 0x000001cd9a224800 DEOPT PACKING pc=0x000001cd84089097 sp=0x0000002bf75fc320
Event: 16.555 Thread 0x000001cd9a224800 DEOPT UNPACKING pc=0x000001cd838e72ce sp=0x0000002bf75fb8c0 mode 0

Classes redefined (0 events):
No events

Internal exceptions (20 events):
Event: 6.921 Thread 0x000001cdfb3c5800 Exception <a 'java/lang/NoSuchMethodError'{0x00000000a7ca3c90}: 'java.lang.Object java.lang.invoke.DirectMethodHandle$Holder.invokeStaticInit(java.lang.Object, java.lang.Object, int, int, int, int)'> (0x00000000a7ca3c90) thrown at [./src/hotspot/share/interpreter/linkResolver.cpp, line 773]
Event: 12.816 Thread 0x000001cdfb3c5800 Exception <a 'java/io/IOException'{0x00000000a7aea278}> (0x00000000a7aea278) thrown at [./src/hotspot/share/prims/jni.cpp, line 615]
Event: 13.222 Thread 0x000001cd99917000 Exception <a 'java/lang/NoSuchMethodError'{0x00000000a78f64a0}: <clinit>> (0x00000000a78f64a0) thrown at [./src/hotspot/share/prims/jni.cpp, line 1362]
Event: 13.224 Thread 0x000001cd99917000 Exception <a 'java/lang/NoSuchMethodError'{0x00000000a7702120}: <clinit>> (0x00000000a7702120) thrown at [./src/hotspot/share/prims/jni.cpp, line 1362]
Event: 13.228 Thread 0x000001cd99917000 Exception <a 'java/lang/NoSuchMethodError'{0x00000000a7711aa0}: <clinit>> (0x00000000a7711aa0) thrown at [./src/hotspot/share/prims/jni.cpp, line 1362]
Event: 13.234 Thread 0x000001cd99917000 Exception <a 'java/lang/NoSuchMethodError'{0x00000000a7723800}: <clinit>> (0x00000000a7723800) thrown at [./src/hotspot/share/prims/jni.cpp, line 1362]
Event: 13.240 Thread 0x000001cd99917000 Exception <a 'java/lang/NoSuchMethodError'{0x00000000a774a290}: <clinit>> (0x00000000a774a290) thrown at [./src/hotspot/share/prims/jni.cpp, line 1362]
Event: 13.243 Thread 0x000001cd99917000 Exception <a 'java/lang/NoSuchMethodError'{0x00000000a7761d98}: <clinit>> (0x00000000a7761d98) thrown at [./src/hotspot/share/prims/jni.cpp, line 1362]
Event: 13.248 Thread 0x000001cd99917000 Exception <a 'java/lang/NoSuchMethodError'{0x00000000a776b9d0}: <clinit>> (0x00000000a776b9d0) thrown at [./src/hotspot/share/prims/jni.cpp, line 1362]
Event: 13.256 Thread 0x000001cd99917000 Exception <a 'java/lang/NoSuchMethodError'{0x00000000a7781090}: <clinit>> (0x00000000a7781090) thrown at [./src/hotspot/share/prims/jni.cpp, line 1362]
Event: 13.287 Thread 0x000001cd99917000 Exception <a 'java/lang/NoSuchMethodError'{0x00000000a77c64c0}: <clinit>> (0x00000000a77c64c0) thrown at [./src/hotspot/share/prims/jni.cpp, line 1362]
Event: 13.305 Thread 0x000001cd99917000 Exception <a 'java/lang/NoSuchMethodError'{0x00000000a77f4188}: <clinit>> (0x00000000a77f4188) thrown at [./src/hotspot/share/prims/jni.cpp, line 1362]
Event: 13.312 Thread 0x000001cd99917000 Exception <a 'java/lang/NoSuchMethodError'{0x00000000a761bb20}: <clinit>> (0x00000000a761bb20) thrown at [./src/hotspot/share/prims/jni.cpp, line 1362]
Event: 13.318 Thread 0x000001cd99917000 Exception <a 'java/lang/NoSuchMethodError'{0x00000000a7625dd8}: <clinit>> (0x00000000a7625dd8) thrown at [./src/hotspot/share/prims/jni.cpp, line 1362]
Event: 13.604 Thread 0x000001cd9a224800 Exception <a 'java/lang/NoSuchMethodError'{0x00000000a746fde8}: 'void java.lang.invoke.DelegatingMethodHandle$Holder.reinvoke_L(java.lang.Object, java.lang.Object, java.lang.Object, java.lang.Object)'> (0x00000000a746fde8) thrown at [./src/hotspot/share/interpreter/linkResolver.cpp, line 773]
Event: 13.616 Thread 0x000001cd9a224800 Exception <a 'java/lang/NoSuchMethodError'{0x00000000a748fb20}: 'void java.lang.invoke.DirectMethodHandle$Holder.invokeVirtual(java.lang.Object, java.lang.Object, java.lang.Object, java.lang.Object, java.lang.Object, java.lang.Object)'> (0x00000000a748fb20) thrown at [./src/hotspot/share/interpreter/linkResolver.cpp, line 773]
Event: 13.620 Thread 0x000001cd9a224800 Exception <a 'java/lang/NoSuchMethodError'{0x00000000a74b2b20}: 'void java.lang.invoke.DelegatingMethodHandle$Holder.reinvoke_L(java.lang.Object, java.lang.Object, java.lang.Object, java.lang.Object, java.lang.Object, java.lang.Object)'> (0x00000000a74b2b20) thrown at [./src/hotspot/share/interpreter/linkResolver.cpp, line 773]
Event: 13.855 Thread 0x000001cd9a224800 Exception <a 'java/lang/NoSuchMethodError'{0x00000000a6ef6178}: 'java.lang.Object java.lang.invoke.DirectMethodHandle$Holder.invokeVirtual(java.lang.Object, java.lang.Object, java.lang.Object)'> (0x00000000a6ef6178) thrown at [./src/hotspot/share/interpreter/linkResolver.cpp, line 773]
Event: 14.307 Thread 0x000001cd9a224800 Exception <a 'java/lang/NoSuchMethodError'{0x00000000a6bb80a8}: 'java.lang.Object java.lang.invoke.Invokers$Holder.invoker(java.lang.Object, java.lang.Object, java.lang.Object)'> (0x00000000a6bb80a8) thrown at [./src/hotspot/share/interpreter/linkResolver.cpp, line 773]
Event: 14.987 Thread 0x000001cd9a224800 Exception <a 'java/lang/NoSuchMethodError'{0x00000000a5bbf450}: 'java.lang.Object java.lang.invoke.DirectMethodHandle$Holder.invokeVirtual(java.lang.Object, java.lang.Object, java.lang.Object, java.lang.Object)'> (0x00000000a5bbf450) thrown at [./src/hotspot/share/interpreter/linkResolver.cpp, line 773]

Events (20 events):
Event: 16.721 loading class org/gradle/execution/BuildConfigurationActionExecuter
Event: 16.721 loading class org/gradle/execution/BuildConfigurationActionExecuter done
Event: 16.721 loading class org/gradle/internal/scan/scopeids/BuildScanScopeIds
Event: 16.721 loading class org/gradle/internal/scan/scopeids/BuildScanScopeIds done
Event: 16.721 loading class org/gradle/internal/cleanup/BuildOutputCleanupRegistry
Event: 16.721 loading class org/gradle/internal/cleanup/BuildOutputCleanupRegistry done
Event: 16.725 loading class org/gradle/execution/TaskSelector
Event: 16.725 loading class org/gradle/execution/TaskSelector done
Event: 16.726 loading class org/gradle/api/internal/tasks/options/OptionReader
Event: 16.726 loading class org/gradle/api/internal/tasks/options/OptionReader done
Event: 16.726 loading class org/gradle/internal/scopeids/id/BuildInvocationScopeId
Event: 16.726 loading class org/gradle/internal/scopeids/id/BuildInvocationScopeId done
Event: 16.727 loading class org/gradle/execution/commandline/CommandLineTaskParser
Event: 16.727 loading class org/gradle/execution/commandline/CommandLineTaskParser done
Event: 16.727 loading class org/gradle/execution/plan/WorkNodeExecutor
Event: 16.727 loading class org/gradle/execution/plan/WorkNodeExecutor done
Event: 16.728 loading class org/gradle/execution/plan/NodeExecutor
Event: 16.728 loading class org/gradle/execution/plan/NodeExecutor done
Event: 16.728 loading class org/gradle/execution/plan/TaskNodeFactory
Event: 16.728 loading class org/gradle/execution/plan/TaskNodeFactory done


Dynamic libraries:
0x00007ff7030f0000 - 0x00007ff7030fa000 	C:\Program Files\Android\Android Studio\jre\bin\java.exe
0x00007ffea4550000 - 0x00007ffea4744000 	C:\Windows\SYSTEM32\ntdll.dll
0x00007ffea37b0000 - 0x00007ffea386d000 	C:\Windows\System32\KERNEL32.DLL
0x00007ffea1fd0000 - 0x00007ffea2297000 	C:\Windows\System32\KERNELBASE.dll
0x00007ffea2d00000 - 0x00007ffea2daa000 	C:\Windows\System32\ADVAPI32.DLL
0x00007ffea3870000 - 0x00007ffea390e000 	C:\Windows\System32\msvcrt.dll
0x00007ffea3de0000 - 0x00007ffea3e7b000 	C:\Windows\System32\sechost.dll
0x00007ffea3910000 - 0x00007ffea3a33000 	C:\Windows\System32\RPCRT4.dll
0x00007ffea23b0000 - 0x00007ffea24b0000 	C:\Windows\System32\ucrtbase.dll
0x00007ffe9c740000 - 0x00007ffe9c759000 	C:\Program Files\Android\Android Studio\jre\bin\jli.dll
0x00007ffea3a40000 - 0x00007ffea3be0000 	C:\Windows\System32\USER32.dll
0x00007ffea24b0000 - 0x00007ffea24d2000 	C:\Windows\System32\win32u.dll
0x00007ffea3db0000 - 0x00007ffea3dda000 	C:\Windows\System32\GDI32.dll
0x00007ffea22a0000 - 0x00007ffea23a9000 	C:\Windows\System32\gdi32full.dll
0x00007ffea1f30000 - 0x00007ffea1fcd000 	C:\Windows\System32\msvcp_win.dll
0x00007ffe90910000 - 0x00007ffe90927000 	C:\Program Files\Android\Android Studio\jre\bin\VCRUNTIME140.dll
0x00007ffe92290000 - 0x00007ffe9252a000 	C:\Windows\WinSxS\amd64_microsoft.windows.common-controls_6595b64144ccf1df_6.0.19041.1_none_b555e41d4684ddec\COMCTL32.dll
0x00007ffea32b0000 - 0x00007ffea32e0000 	C:\Windows\System32\IMM32.DLL
0x00007ffe8bef0000 - 0x00007ffe8bf8d000 	C:\Program Files\Android\Android Studio\jre\bin\msvcp140.dll
0x00007ffe77130000 - 0x00007ffe77bec000 	C:\Program Files\Android\Android Studio\jre\bin\server\jvm.dll
0x00007ffea32e0000 - 0x00007ffea32e8000 	C:\Windows\System32\PSAPI.DLL
0x00007ffe920b0000 - 0x00007ffe920b9000 	C:\Windows\SYSTEM32\WSOCK32.dll
0x00007ffea3be0000 - 0x00007ffea3c4b000 	C:\Windows\System32\WS2_32.dll
0x00007ffe872e0000 - 0x00007ffe87307000 	C:\Windows\SYSTEM32\WINMM.dll
0x00007ffe902a0000 - 0x00007ffe902aa000 	C:\Windows\SYSTEM32\VERSION.dll
0x00007ffea05b0000 - 0x00007ffea05c3000 	C:\Windows\SYSTEM32\kernel.appcore.dll
0x00007ffe9d1e0000 - 0x00007ffe9d1f1000 	C:\Program Files\Android\Android Studio\jre\bin\verify.dll
0x00007ffe90040000 - 0x00007ffe90224000 	C:\Windows\SYSTEM32\DBGHELP.DLL
0x00007ffe90010000 - 0x00007ffe9003c000 	C:\Windows\SYSTEM32\dbgcore.DLL
0x00007ffea2540000 - 0x00007ffea25bf000 	C:\Windows\System32\bcryptPrimitives.dll
0x00007ffe9c380000 - 0x00007ffe9c3a9000 	C:\Program Files\Android\Android Studio\jre\bin\java.dll
0x00007ffe9d1d0000 - 0x00007ffe9d1db000 	C:\Program Files\Android\Android Studio\jre\bin\jimage.dll
0x00007ffe918e0000 - 0x00007ffe918f8000 	C:\Program Files\Android\Android Studio\jre\bin\zip.dll
0x00007ffea25c0000 - 0x00007ffea2cf1000 	C:\Windows\System32\SHELL32.dll
0x00007ffe9fc50000 - 0x00007ffea03da000 	C:\Windows\SYSTEM32\windows.storage.dll
0x00007ffea3450000 - 0x00007ffea37a4000 	C:\Windows\System32\combase.dll
0x00007ffea1650000 - 0x00007ffea167b000 	C:\Windows\SYSTEM32\Wldp.dll
0x00007ffea3000000 - 0x00007ffea30ae000 	C:\Windows\System32\SHCORE.dll
0x00007ffea3c50000 - 0x00007ffea3ca5000 	C:\Windows\System32\shlwapi.dll
0x00007ffea1be0000 - 0x00007ffea1bff000 	C:\Windows\SYSTEM32\profapi.dll
0x00007ffe912b0000 - 0x00007ffe912ca000 	C:\Program Files\Android\Android Studio\jre\bin\net.dll
0x00007ffe92970000 - 0x00007ffe92a70000 	C:\Windows\SYSTEM32\WINHTTP.dll
0x00007ffea13d0000 - 0x00007ffea143a000 	C:\Windows\system32\mswsock.dll
0x00007ffe90990000 - 0x00007ffe909a4000 	C:\Program Files\Android\Android Studio\jre\bin\nio.dll
0x00007ffe90930000 - 0x00007ffe90956000 	C:\Users\Administrator\.gradle\native\29\windows-amd64\native-platform.dll
0x00007ffe9c370000 - 0x00007ffe9c37a000 	C:\Program Files\Android\Android Studio\jre\bin\management.dll
0x00007ffe912a0000 - 0x00007ffe912ac000 	C:\Program Files\Android\Android Studio\jre\bin\management_ext.dll
0x00007ffea15a0000 - 0x00007ffea15b8000 	C:\Windows\SYSTEM32\CRYPTSP.dll
0x00007ffea0d60000 - 0x00007ffea0d94000 	C:\Windows\system32\rsaenh.dll
0x00007ffea1e00000 - 0x00007ffea1e27000 	C:\Windows\System32\bcrypt.dll
0x00007ffea1b60000 - 0x00007ffea1b8e000 	C:\Windows\SYSTEM32\USERENV.dll
0x00007ffea15c0000 - 0x00007ffea15cc000 	C:\Windows\SYSTEM32\CRYPTBASE.dll
0x00007ffea10c0000 - 0x00007ffea10fb000 	C:\Windows\SYSTEM32\IPHLPAPI.DLL
0x00007ffea42f0000 - 0x00007ffea42f9000 	C:\Windows\System32\NSI.dll
0x00007ffe96350000 - 0x00007ffe96367000 	C:\Windows\SYSTEM32\dhcpcsvc6.DLL
0x00007ffe96970000 - 0x00007ffe9698d000 	C:\Windows\SYSTEM32\dhcpcsvc.DLL
0x00007ffea1110000 - 0x00007ffea11da000 	C:\Windows\SYSTEM32\DNSAPI.dll

dbghelp: loaded successfully - version: 4.0.5 - missing functions: none
symbol engine: initialized successfully - sym options: 0x614 - pdb path: .;C:\Program Files\Android\Android Studio\jre\bin;C:\Windows\SYSTEM32;C:\Windows\WinSxS\amd64_microsoft.windows.common-controls_6595b64144ccf1df_6.0.19041.1_none_b555e41d4684ddec;C:\Program Files\Android\Android Studio\jre\bin\server;C:\Users\Administrator\.gradle\native\29\windows-amd64

VM Arguments:
jvm_args: --add-opens=java.base/java.util=ALL-UNNAMED --add-opens=java.base/java.lang=ALL-UNNAMED --add-opens=java.base/java.lang.invoke=ALL-UNNAMED --add-opens=java.prefs/java.util.prefs=ALL-UNNAMED -Xmx1536m -Dfile.encoding=GBK -Duser.country=PH -Duser.language=en -Duser.variant 
java_command: org.gradle.launcher.daemon.bootstrap.GradleDaemon 5.4.1
java_class_path (initial): C:\Users\Administrator\.gradle\wrapper\dists\gradle-5.4.1-all\3221gyojl5jsh0helicew7rwx\gradle-5.4.1\lib\gradle-launcher-5.4.1.jar
Launcher Type: SUN_STANDARD

[Global flags]
     intx CICompilerCount                          = 3                                         {product} {ergonomic}
     uint ConcGCThreads                            = 1                                         {product} {ergonomic}
     uint G1ConcRefinementThreads                  = 4                                         {product} {ergonomic}
   size_t G1HeapRegionSize                         = 1048576                                   {product} {ergonomic}
    uintx GCDrainStackTargetSize                   = 64                                        {product} {ergonomic}
   size_t InitialHeapSize                          = 134217728                                 {product} {ergonomic}
   size_t MarkStackSize                            = 4194304                                   {product} {ergonomic}
   size_t MaxHeapSize                              = 1610612736                                {product} {command line}
   size_t MaxNewSize                               = 965738496                                 {product} {ergonomic}
   size_t MinHeapDeltaBytes                        = 1048576                                   {product} {ergonomic}
    uintx NonNMethodCodeHeapSize                   = 5830732                                {pd product} {ergonomic}
    uintx NonProfiledCodeHeapSize                  = 122913754                              {pd product} {ergonomic}
    uintx ProfiledCodeHeapSize                     = 122913754                              {pd product} {ergonomic}
    uintx ReservedCodeCacheSize                    = 251658240                              {pd product} {ergonomic}
     bool SegmentedCodeCache                       = true                                      {product} {ergonomic}
     bool UseCompressedClassPointers               = true                                 {lp64_product} {ergonomic}
     bool UseCompressedOops                        = true                                 {lp64_product} {ergonomic}
     bool UseG1GC                                  = true                                      {product} {ergonomic}
     bool UseLargePagesIndividualAllocation        = false                                  {pd product} {ergonomic}

Logging:
Log output configuration:
 #0: stdout all=warning uptime,level,tags
 #1: stderr all=off uptime,level,tags

Environment Variables:
PATH=C:\Windows\system32;C:\Windows;C:\Windows\System32\Wbem;C:\Windows\System32\WindowsPowerShell\v1.0\;C:\Windows\System32\OpenSSH\;C:\Users\Administrator\AppData\Local\Microsoft\WindowsApps;C:\Users\Administrator\AppData\Local\GitHubDesktop\bin
USERNAME=Administrator
OS=Windows_NT
PROCESSOR_IDENTIFIER=Intel64 Family 6 Model 69 Stepping 1, GenuineIntel



---------------  S Y S T E M  ---------------

OS: Windows 10 , 64 bit Build 19041 (10.0.19041.207)
OS uptime: 2 days 1:29 hours

CPU:total 4 (initial active 4) (2 cores per cpu, 2 threads per core) family 6 model 69 stepping 1, cmov, cx8, fxsr, mmx, sse, sse2, sse3, ssse3, sse4.1, sse4.2, popcnt, avx, avx2, aes, clmul, erms, lzcnt, ht, tsc, tscinvbit, bmi1, bmi2, fma

Memory: 4k page, system-wide physical 8100M (310M free)
TotalPageFile size 17607M (AvailPageFile size 1M)
current process WorkingSet (physical memory assigned to process): 157M, peak: 157M
current process commit charge ("private bytes"): 256M, peak: 256M

vm_info: OpenJDK 64-Bit Server VM (11.0.8+10-b944.6842174) for windows-amd64 JRE (11.0.8+10-b944.6842174), built on Sep 19 2020 01:11:42 by "builder" with MS VC++ 14.0 (VS2015)

END.
